0 info it worked if it ends with ok
1 verbose cli [ '/usr/local/bin/node',
1 verbose cli   '/usr/local/bin/npm',
1 verbose cli   'install',
1 verbose cli   '-g',
1 verbose cli   'firebase-tools' ]
2 info using npm@2.15.1
3 info using node@v4.4.4
4 verbose install initial load of /usr/local/lib/package.json
5 verbose readDependencies loading dependencies from /usr/local/lib/package.json
6 silly cache add args [ 'firebase-tools', null ]
7 verbose cache add spec firebase-tools
8 silly cache add parsed spec Result {
8 silly cache add   raw: 'firebase-tools',
8 silly cache add   scope: null,
8 silly cache add   name: 'firebase-tools',
8 silly cache add   rawSpec: '',
8 silly cache add   spec: 'latest',
8 silly cache add   type: 'tag' }
9 silly addNamed firebase-tools@latest
10 verbose addNamed "latest" is being treated as a dist-tag for firebase-tools
11 info addNameTag [ 'firebase-tools', 'latest' ]
12 silly mapToRegistry name firebase-tools
13 silly mapToRegistry using default registry
14 silly mapToRegistry registry https://registry.npmjs.org/
15 silly mapToRegistry data Result {
15 silly mapToRegistry   raw: 'firebase-tools',
15 silly mapToRegistry   scope: null,
15 silly mapToRegistry   name: 'firebase-tools',
15 silly mapToRegistry   rawSpec: '',
15 silly mapToRegistry   spec: 'latest',
15 silly mapToRegistry   type: 'tag' }
16 silly mapToRegistry uri https://registry.npmjs.org/firebase-tools
17 verbose addNameTag registry:https://registry.npmjs.org/firebase-tools not in flight; fetching
18 verbose get https://registry.npmjs.org/firebase-tools not expired, no request
19 silly addNameTag next cb for firebase-tools with tag latest
20 verbose stack Error: No compatible version found: firebase-tools@'latest'
20 verbose stack Valid install targets:
20 verbose stack ["0.0.1","0.0.2","0.0.3","0.0.4","0.0.5","0.0.6","0.1.0","0.1.1","0.1.2","0.1.3","0.1.4","0.1.5","0.1.6","0.2.0","0.3.0","0.4.0","0.5.0","1.0.0","1.0.1","1.0.2","1.0.3","1.0.4","1.0.5","1.0.6","1.1.0","1.1.1","1.1.2","1.1.3","1.1.4","1.1.5","1.1.6","1.2.0","2.0.0","2.0.1","2.0.2","2.1.0","2.1.1","2.2.0","2.2.1","3.0.0","3.0.1","3.0.2","3.0.3","3.0.4","3.0.5","3.0.6","3.0.7","3.0.8","3.1.0","3.2.0","3.2.1","3.2.2","3.2.3","3.3.0","3.4.0","3.5.0","3.6.0","3.6.1","3.7.0","3.8.0","3.9.0","3.9.1","3.9.2","3.10.0"]
20 verbose stack
20 verbose stack     at installTargetsError (/usr/local/lib/node_modules/npm/lib/cache/add-named.js:284:12)
20 verbose stack     at next (/usr/local/lib/node_modules/npm/lib/cache/add-named.js:94:10)
20 verbose stack     at RES (/usr/local/lib/node_modules/npm/node_modules/inflight/inflight.js:23:14)
20 verbose stack     at f (/usr/local/lib/node_modules/npm/node_modules/once/once.js:17:25)
20 verbose stack     at fixName (/usr/local/lib/node_modules/npm/lib/cache/add-named.js:29:5)
20 verbose stack     at CachingRegistryClient.get_ (/usr/local/lib/node_modules/npm/lib/cache/caching-client.js:125:16)
20 verbose stack     at /usr/local/lib/node_modules/npm/lib/cache/caching-client.js:91:14
20 verbose stack     at /usr/local/lib/node_modules/npm/node_modules/graceful-fs/graceful-fs.js:78:16
20 verbose stack     at FSReqWrap.readFileAfterClose [as oncomplete] (fs.js:380:3)
21 verbose cwd /Users/jakestephens/Desktop/firebase
22 error Darwin 16.7.0
23 error argv "/usr/local/bin/node" "/usr/local/bin/npm" "install" "-g" "firebase-tools"
24 error node v4.4.4
25 error npm  v2.15.1
26 error code ETARGET
27 error notarget No compatible version found: firebase-tools@'latest'
27 error notarget Valid install targets:
27 error notarget ["0.0.1","0.0.2","0.0.3","0.0.4","0.0.5","0.0.6","0.1.0","0.1.1","0.1.2","0.1.3","0.1.4","0.1.5","0.1.6","0.2.0","0.3.0","0.4.0","0.5.0","1.0.0","1.0.1","1.0.2","1.0.3","1.0.4","1.0.5","1.0.6","1.1.0","1.1.1","1.1.2","1.1.3","1.1.4","1.1.5","1.1.6","1.2.0","2.0.0","2.0.1","2.0.2","2.1.0","2.1.1","2.2.0","2.2.1","3.0.0","3.0.1","3.0.2","3.0.3","3.0.4","3.0.5","3.0.6","3.0.7","3.0.8","3.1.0","3.2.0","3.2.1","3.2.2","3.2.3","3.3.0","3.4.0","3.5.0","3.6.0","3.6.1","3.7.0","3.8.0","3.9.0","3.9.1","3.9.2","3.10.0"]
27 error notarget
27 error notarget This is most likely not a problem with npm itself.
27 error notarget In most cases you or one of your dependencies are requesting
27 error notarget a package version that doesn't exist.
28 verbose exit [ 1, true ]
